<?xml version="1.0" encoding="UTF-8"?>
<!-- Generated by org.testng.reporters.JUnitXMLReporter -->
<testsuite ignored="6" hostname="JuDaEmMaNuEl" failures="3" tests="11" name="Firefox Test" time="116.052" errors="0" timestamp="2025-02-11T05:16:43 IST">
  <testcase classname="com.testcases.LoginTest" name="loginTest" time="0.939"/>
  <testcase classname="com.testcases.LoginTest" name="loginTest" time="1.451"/>
  <testcase classname="com.testcases.LoginTest" name="loginTest" time="0.996"/>
  <testcase classname="com.testcases.LoginTest" name="loginTest" time="1.079"/>
  <testcase classname="com.testcases.SearchHotelTest" name="searchHotelTest" time="3.004"/>
  <testcase classname="com.testcases.SearchHotelTest" name="searchHotelTest" time="2.858"/>
  <testcase classname="com.testcases.SelectHotelTest" name="selectHotelTest" time="3.7"/>
  <testcase classname="com.testcases.SelectHotelTest" name="selectHotelTest" time="4.138"/>
  <testcase classname="com.testcases.BookingHotelTest" name="bookingHotelTest" time="7.497">
    <failure type="java.lang.AssertionError" message="Booking failed! Confirmation not displayed. expected [true] but found [false]">
      <![CDATA[java.lang.AssertionError: Booking failed! Confirmation not displayed. expected [true] but found [false]
at com.testcases.BookingHotelTest.bookingHotelTest(BookingHotelTest.java:58)
at java.base/java.util.ArrayList.forEach(ArrayList.java:1597)
at java.base/java.util.concurrent.FutureTask.run(FutureTask.java:317)
at java.base/java.util.concurrent.ThreadPoolExecutor.runWorker(ThreadPoolExecutor.java:1144)
at java.base/java.util.concurrent.ThreadPoolExecutor$Worker.run(ThreadPoolExecutor.java:642)
at java.base/java.lang.Thread.run(Thread.java:1575)
... Removed 18 stack frames]]>
    </failure>
  </testcase> <!-- bookingHotelTest -->
  <testcase classname="com.testcases.BookingHotelTest" name="bookingHotelTest" time="7.296">
    <failure type="java.lang.AssertionError" message="Booking failed! Confirmation not displayed. expected [true] but found [false]">
      <![CDATA[java.lang.AssertionError: Booking failed! Confirmation not displayed. expected [true] but found [false]
at com.testcases.BookingHotelTest.bookingHotelTest(BookingHotelTest.java:58)
at java.base/java.util.ArrayList.forEach(ArrayList.java:1597)
at java.base/java.util.concurrent.FutureTask.run(FutureTask.java:317)
at java.base/java.util.concurrent.ThreadPoolExecutor.runWorker(ThreadPoolExecutor.java:1144)
at java.base/java.util.concurrent.ThreadPoolExecutor$Worker.run(ThreadPoolExecutor.java:642)
at java.base/java.lang.Thread.run(Thread.java:1575)
... Removed 18 stack frames]]>
    </failure>
  </testcase> <!-- bookingHotelTest -->
  <testcase classname="com.testcases.BookingHotelTest" name="bookingHotelTest" time="7.566">
    <failure type="java.lang.AssertionError" message="Booking failed! Confirmation not displayed. expected [true] but found [false]">
      <![CDATA[java.lang.AssertionError: Booking failed! Confirmation not displayed. expected [true] but found [false]
at com.testcases.BookingHotelTest.bookingHotelTest(BookingHotelTest.java:58)
at java.base/java.util.ArrayList.forEach(ArrayList.java:1597)
at java.base/java.util.concurrent.FutureTask.run(FutureTask.java:317)
at java.base/java.util.concurrent.ThreadPoolExecutor.runWorker(ThreadPoolExecutor.java:1144)
at java.base/java.util.concurrent.ThreadPoolExecutor$Worker.run(ThreadPoolExecutor.java:642)
at java.base/java.lang.Thread.run(Thread.java:1575)
... Removed 18 stack frames]]>
    </failure>
  </testcase> <!-- bookingHotelTest -->
  <testcase classname="com.base.BaseTest" name="@AfterSuite tearDownExtent" time="0.0">
    <ignored/>
  </testcase> <!-- @AfterSuite tearDownExtent -->
  <testcase classname="com.base.BaseTest" name="@AfterSuite tearDownExtent" time="0.0">
    <ignored/>
  </testcase> <!-- @AfterSuite tearDownExtent -->
  <testcase classname="com.base.BaseTest" name="@BeforeSuite setupExtent" time="0.0">
    <ignored/>
  </testcase> <!-- @BeforeSuite setupExtent -->
  <testcase classname="com.base.BaseTest" name="@AfterSuite tearDownExtent" time="0.0">
    <ignored/>
  </testcase> <!-- @AfterSuite tearDownExtent -->
  <testcase classname="com.base.BaseTest" name="@BeforeSuite setupExtent" time="0.0">
    <ignored/>
  </testcase> <!-- @BeforeSuite setupExtent -->
  <testcase classname="com.base.BaseTest" name="@BeforeSuite setupExtent" time="0.0">
    <ignored/>
  </testcase> <!-- @BeforeSuite setupExtent -->
</testsuite> <!-- Firefox Test -->
